Traceback (most recent call last):
  File "launcher\mainframe.pyc", line 377, in OnStop
  File "launcher\taskcontroller.pyc", line 168, in Stop
  File "launcher\dev_appserver_task_thread.pyc", line 82, in stop
  File "launcher\taskthread.pyc", line 115, in stop
  File "launcher\platform.pyc", line 397, in KillProcess
pywintypes.error: (5, 'TerminateProcess', 'Access is denied.')
Traceback (most recent call last):
  File "launcher\mainframe.pyc", line 462, in OnClose
  File "launcher\mainframe.pyc", line 368, in OnExit
  File "launcher\app.pyc", line 256, in OnExit
  File "launcher\taskcontroller.pyc", line 204, in StopAll
  File "launcher\dev_appserver_task_thread.pyc", line 82, in stop
  File "launcher\taskthread.pyc", line 115, in stop
  File "launcher\platform.pyc", line 397, in KillProcess
pywintypes.error: (5, 'TerminateProcess', 'Access is denied.')
Traceback (most recent call last):
  File "launcher\mainframe.pyc", line 462, in OnClose
  File "launcher\mainframe.pyc", line 368, in OnExit
  File "launcher\app.pyc", line 256, in OnExit
  File "launcher\taskcontroller.pyc", line 204, in StopAll
  File "launcher\dev_appserver_task_thread.pyc", line 82, in stop
  File "launcher\taskthread.pyc", line 115, in stop
  File "launcher\platform.pyc", line 397, in KillProcess
pywintypes.error: (5, 'TerminateProcess', 'Access is denied.')
Traceback (most recent call last):
  File "launcher\mainframe.pyc", line 462, in OnClose
  File "launcher\mainframe.pyc", line 368, in OnExit
  File "launcher\app.pyc", line 256, in OnExit
  File "launcher\taskcontroller.pyc", line 204, in StopAll
  File "launcher\dev_appserver_task_thread.pyc", line 82, in stop
  File "launcher\taskthread.pyc", line 115, in stop
  File "launcher\platform.pyc", line 397, in KillProcess
pywintypes.error: (5, 'TerminateProcess', 'Access is denied.')
Traceback (most recent call last):
  File "launcher\mainframe.pyc", line 462, in OnClose
  File "launcher\mainframe.pyc", line 368, in OnExit
  File "launcher\app.pyc", line 256, in OnExit
  File "launcher\taskcontroller.pyc", line 204, in StopAll
  File "launcher\dev_appserver_task_thread.pyc", line 82, in stop
  File "launcher\taskthread.pyc", line 115, in stop
  File "launcher\platform.pyc", line 397, in KillProcess
pywintypes.error: (5, 'TerminateProcess', 'Access is denied.')
Traceback (most recent call last):
  File "launcher\mainframe.pyc", line 462, in OnClose
  File "launcher\mainframe.pyc", line 368, in OnExit
  File "launcher\app.pyc", line 256, in OnExit
  File "launcher\taskcontroller.pyc", line 204, in StopAll
  File "launcher\dev_appserver_task_thread.pyc", line 82, in stop
  File "launcher\taskthread.pyc", line 115, in stop
  File "launcher\platform.pyc", line 397, in KillProcess
pywintypes.error: (5, 'TerminateProcess', 'Access is denied.')
